<?xml version="1.0" encoding="UTF-8"?>
<!-- Generated by org.testng.reporters.JUnitReportReporter -->
<testsuite skipped="3" hostname="DESKTOP-B75F35K" name="smokeTest.ValidateSmokeTest" tests="22" failures="0" timestamp="16 Nov 2018 00:19:31 GMT" time="281.236" errors="0">
  <testcase name="ValidateLogin" time="51.756" classname="smokeTest.ValidateSmokeTest"/>
  <testcase name="ValidateMarkITPlacePage" time="4.329" classname="smokeTest.ValidateSmokeTest"/>
  <testcase name="ValidateManageTab" time="23.360" classname="smokeTest.ValidateSmokeTest"/>
  <testcase name="ValidateInsightTab" time="4.000" classname="smokeTest.ValidateSmokeTest"/>
  <testcase name="ValidateNotificationPage" time="18.529" classname="smokeTest.ValidateSmokeTest"/>
  <testcase name="ValidateLogo" time="6.115" classname="smokeTest.ValidateSmokeTest"/>
  <testcase name="ValidateMyProfile" time="19.280" classname="smokeTest.ValidateSmokeTest"/>
  <testcase name="ValidateEditProfile" time="19.614" classname="smokeTest.ValidateSmokeTest"/>
  <testcase name="ValidateChangePassword" time="17.893" classname="smokeTest.ValidateSmokeTest"/>
  <testcase name="ValidateAccountSettings" time="12.728" classname="smokeTest.ValidateSmokeTest"/>
  <testcase name="ValidateCatalogRestriction" time="10.857" classname="smokeTest.ValidateSmokeTest"/>
  <testcase name="ValidateDomainLink" time="11.707" classname="smokeTest.ValidateSmokeTest"/>
  <testcase name="ValidateAddressPage" time="21.987" classname="smokeTest.ValidateSmokeTest"/>
  <testcase name="ValidateUsersPage" time="25.532" classname="smokeTest.ValidateSmokeTest"/>
  <testcase name="ValidateRequestTab" time="2.390" classname="smokeTest.ValidateSmokeTest"/>
  <testcase name="ValidateInviteTab" time="2.353" classname="smokeTest.ValidateSmokeTest"/>
  <testcase name="ValidateLogout" time="4.968" classname="smokeTest.ValidateSmokeTest"/>
  <testcase name="ValidateForgetPswd" time="9.381" classname="smokeTest.ValidateSmokeTest"/>
  <testcase name="ValidateRegPage" time="14.457" classname="smokeTest.ValidateSmokeTest"/>
  <testcase name="ValidateSetNotifications" classname="smokeTest.ValidateSmokeTest">
    <skipped/>
  </testcase> <!-- ValidateSetNotifications -->
  <testcase name="ValidateLoginUser" classname="smokeTest.ValidateSmokeTest">
    <skipped/>
  </testcase> <!-- ValidateLoginUser -->
  <testcase name="ValidateMyAccountList" classname="smokeTest.ValidateSmokeTest">
    <skipped/>
  </testcase> <!-- ValidateMyAccountList -->
</testsuite> <!-- smokeTest.ValidateSmokeTest -->
