<?xml version="1.0" encoding="UTF-8"?>
<!-- Generated by org.testng.reporters.JUnitReportReporter -->
<testsuite skipped="4" hostname="DESKTOP-B75F35K" name="smokeTest.ValidateSmokeTest" tests="22" failures="0" timestamp="19 Nov 2018 10:07:54 GMT" time="300.427" errors="0">
  <testcase name="ValidateLogin" time="75.632" classname="smokeTest.ValidateSmokeTest"/>
  <testcase name="ValidateMarkITPlacePage" time="5.021" classname="smokeTest.ValidateSmokeTest"/>
  <testcase name="ValidateManageTab" time="7.583" classname="smokeTest.ValidateSmokeTest"/>
  <testcase name="ValidateInsightTab" time="4.362" classname="smokeTest.ValidateSmokeTest"/>
  <testcase name="ValidateNotificationPage" time="14.040" classname="smokeTest.ValidateSmokeTest"/>
  <testcase name="ValidateLogo" time="6.230" classname="smokeTest.ValidateSmokeTest"/>
  <testcase name="ValidateMyProfile" time="18.999" classname="smokeTest.ValidateSmokeTest"/>
  <testcase name="ValidateEditProfile" time="20.747" classname="smokeTest.ValidateSmokeTest"/>
  <testcase name="ValidateChangePassword" time="22.806" classname="smokeTest.ValidateSmokeTest"/>
  <testcase name="ValidateCatalogRestriction" time="13.907" classname="smokeTest.ValidateSmokeTest"/>
  <testcase name="ValidateDomainLink" time="17.959" classname="smokeTest.ValidateSmokeTest"/>
  <testcase name="ValidateAddressPage" time="29.160" classname="smokeTest.ValidateSmokeTest"/>
  <testcase name="ValidateUsersPage" time="27.905" classname="smokeTest.ValidateSmokeTest"/>
  <testcase name="ValidateRequestTab" time="2.341" classname="smokeTest.ValidateSmokeTest"/>
  <testcase name="ValidateInviteTab" time="2.388" classname="smokeTest.ValidateSmokeTest"/>
  <testcase name="ValidateLogout" time="5.040" classname="smokeTest.ValidateSmokeTest"/>
  <testcase name="ValidateForgetPswd" time="9.483" classname="smokeTest.ValidateSmokeTest"/>
  <testcase name="ValidateRegPage" time="16.824" classname="smokeTest.ValidateSmokeTest"/>
  <testcase name="ValidateAccountSettings" classname="smokeTest.ValidateSmokeTest">
    <skipped/>
  </testcase> <!-- ValidateAccountSettings -->
  <testcase name="ValidateSetNotifications" classname="smokeTest.ValidateSmokeTest">
    <skipped/>
  </testcase> <!-- ValidateSetNotifications -->
  <testcase name="ValidateLoginUser" classname="smokeTest.ValidateSmokeTest">
    <skipped/>
  </testcase> <!-- ValidateLoginUser -->
  <testcase name="ValidateMyAccountList" classname="smokeTest.ValidateSmokeTest">
    <skipped/>
  </testcase> <!-- ValidateMyAccountList -->
</testsuite> <!-- smokeTest.ValidateSmokeTest -->
