<?xml version="1.0" encoding="UTF-8"?>
<!-- Generated by org.testng.reporters.JUnitReportReporter -->
<testsuite skipped="4" hostname="DESKTOP-B75F35K" name="smokeTest.ValidateSmokeTest" tests="24" failures="0" timestamp="06 Dec 2018 14:43:40 GMT" time="424.034" errors="0">
  <testcase name="ValidateLogin" time="96.533" classname="smokeTest.ValidateSmokeTest"/>
  <testcase name="ValidateMarkITPlacePage" time="4.469" classname="smokeTest.ValidateSmokeTest"/>
  <testcase name="ValidateManageTab" time="10.906" classname="smokeTest.ValidateSmokeTest"/>
  <testcase name="ValidateInsightTab" time="6.005" classname="smokeTest.ValidateSmokeTest"/>
  <testcase name="ValidateNotificationPage" time="71.919" classname="smokeTest.ValidateSmokeTest"/>
  <testcase name="ValidateLogo" time="3.593" classname="smokeTest.ValidateSmokeTest"/>
  <testcase name="ValidateMyProfile" time="26.133" classname="smokeTest.ValidateSmokeTest"/>
  <testcase name="ValidateEditProfile" time="15.831" classname="smokeTest.ValidateSmokeTest"/>
  <testcase name="ValidateChangePassword" time="17.791" classname="smokeTest.ValidateSmokeTest"/>
  <testcase name="ValidateCatalogRestriction" time="12.372" classname="smokeTest.ValidateSmokeTest"/>
  <testcase name="ValidateDomainLink" time="12.026" classname="smokeTest.ValidateSmokeTest"/>
  <testcase name="ValidateAddressPage" time="22.289" classname="smokeTest.ValidateSmokeTest"/>
  <testcase name="ValidateUsersPage" time="26.198" classname="smokeTest.ValidateSmokeTest"/>
  <testcase name="ValidateRequestTab" time="2.401" classname="smokeTest.ValidateSmokeTest"/>
  <testcase name="ValidateInviteTab" time="2.378" classname="smokeTest.ValidateSmokeTest"/>
  <testcase name="ValidateLogout" time="5.094" classname="smokeTest.ValidateSmokeTest"/>
  <testcase name="ValidateForgetPswd" time="9.476" classname="smokeTest.ValidateSmokeTest"/>
  <testcase name="ValidateRegPage" time="11.737" classname="smokeTest.ValidateSmokeTest"/>
  <testcase name="ValidateManagementLogin" time="43.186" classname="smokeTest.ValidateSmokeTest"/>
  <testcase name="ValidateMngmntUsersTab" time="23.697" classname="smokeTest.ValidateSmokeTest"/>
  <testcase name="ValidateAccountSettings" classname="smokeTest.ValidateSmokeTest">
    <skipped/>
  </testcase> <!-- ValidateAccountSettings -->
  <testcase name="ValidateSetNotifications" classname="smokeTest.ValidateSmokeTest">
    <skipped/>
  </testcase> <!-- ValidateSetNotifications -->
  <testcase name="ValidateLoginUser" classname="smokeTest.ValidateSmokeTest">
    <skipped/>
  </testcase> <!-- ValidateLoginUser -->
  <testcase name="ValidateMyAccountList" classname="smokeTest.ValidateSmokeTest">
    <skipped/>
  </testcase> <!-- ValidateMyAccountList -->
</testsuite> <!-- smokeTest.ValidateSmokeTest -->
