<?xml version="1.0" encoding="UTF-8"?>
<!-- Generated by org.testng.reporters.JUnitReportReporter -->
<testsuite skipped="4" hostname="DESKTOP-B75F35K" name="smokeTest.ValidateSmokeTest" tests="22" failures="0" timestamp="19 Nov 2018 06:36:54 GMT" time="409.428" errors="0">
  <testcase name="ValidateLogin" time="64.076" classname="smokeTest.ValidateSmokeTest"/>
  <testcase name="ValidateMarkITPlacePage" time="3.204" classname="smokeTest.ValidateSmokeTest"/>
  <testcase name="ValidateManageTab" time="7.105" classname="smokeTest.ValidateSmokeTest"/>
  <testcase name="ValidateInsightTab" time="3.926" classname="smokeTest.ValidateSmokeTest"/>
  <testcase name="ValidateNotificationPage" time="12.617" classname="smokeTest.ValidateSmokeTest"/>
  <testcase name="ValidateLogo" time="6.056" classname="smokeTest.ValidateSmokeTest"/>
  <testcase name="ValidateMyProfile" time="158.337" classname="smokeTest.ValidateSmokeTest"/>
  <testcase name="ValidateEditProfile" time="17.899" classname="smokeTest.ValidateSmokeTest"/>
  <testcase name="ValidateChangePassword" time="17.658" classname="smokeTest.ValidateSmokeTest"/>
  <testcase name="ValidateCatalogRestriction" time="12.923" classname="smokeTest.ValidateSmokeTest"/>
  <testcase name="ValidateDomainLink" time="12.321" classname="smokeTest.ValidateSmokeTest"/>
  <testcase name="ValidateAddressPage" time="27.947" classname="smokeTest.ValidateSmokeTest"/>
  <testcase name="ValidateUsersPage" time="30.975" classname="smokeTest.ValidateSmokeTest"/>
  <testcase name="ValidateRequestTab" time="2.376" classname="smokeTest.ValidateSmokeTest"/>
  <testcase name="ValidateInviteTab" time="2.367" classname="smokeTest.ValidateSmokeTest"/>
  <testcase name="ValidateLogout" time="5.003" classname="smokeTest.ValidateSmokeTest"/>
  <testcase name="ValidateForgetPswd" time="9.216" classname="smokeTest.ValidateSmokeTest"/>
  <testcase name="ValidateRegPage" time="15.422" classname="smokeTest.ValidateSmokeTest"/>
  <testcase name="ValidateAccountSettings" classname="smokeTest.ValidateSmokeTest">
    <skipped/>
  </testcase> <!-- ValidateAccountSettings -->
  <testcase name="ValidateSetNotifications" classname="smokeTest.ValidateSmokeTest">
    <skipped/>
  </testcase> <!-- ValidateSetNotifications -->
  <testcase name="ValidateLoginUser" classname="smokeTest.ValidateSmokeTest">
    <skipped/>
  </testcase> <!-- ValidateLoginUser -->
  <testcase name="ValidateMyAccountList" classname="smokeTest.ValidateSmokeTest">
    <skipped/>
  </testcase> <!-- ValidateMyAccountList -->
</testsuite> <!-- smokeTest.ValidateSmokeTest -->
