<?xml version="1.0" encoding="UTF-8"?>
<!-- Generated by org.testng.reporters.JUnitReportReporter -->
<testsuite skipped="0" hostname="DESKTOP-B75F35K" name="smokeTest.ValidateSmokeTest" tests="9" failures="0" timestamp="25 Oct 2018 09:49:55 GMT" time="134.816" errors="0">
  <testcase name="ValidateLogin" time="74.499" classname="smokeTest.ValidateSmokeTest"/>
  <testcase name="ValidateMarkITPlacePage" time="2.214" classname="smokeTest.ValidateSmokeTest"/>
  <testcase name="ValidateManageTab" time="14.989" classname="smokeTest.ValidateSmokeTest"/>
  <testcase name="ValidateInsightTab" time="0.979" classname="smokeTest.ValidateSmokeTest"/>
  <testcase name="ValidateNotificationPage" time="14.398" classname="smokeTest.ValidateSmokeTest"/>
  <testcase name="ValidateLogo" time="1.186" classname="smokeTest.ValidateSmokeTest"/>
  <testcase name="ValidateLogout" time="1.047" classname="smokeTest.ValidateSmokeTest"/>
  <testcase name="ValidateForgetPswd" time="6.223" classname="smokeTest.ValidateSmokeTest"/>
  <testcase name="ValidateRegPage" time="19.281" classname="smokeTest.ValidateSmokeTest"/>
</testsuite> <!-- smokeTest.ValidateSmokeTest -->
