<?xml version="1.0" encoding="UTF-8"?>
<!-- Generated by org.testng.reporters.JUnitReportReporter -->
<testsuite skipped="2" hostname="DESKTOP-B75F35K" name="smokeTest.ValidateSmokeTest" tests="22" failures="0" timestamp="01 Nov 2018 17:17:54 GMT" time="415.416" errors="0">
  <testcase name="ValidateLogin" time="84.356" classname="smokeTest.ValidateSmokeTest"/>
  <testcase name="ValidateMarkITPlacePage" time="3.408" classname="smokeTest.ValidateSmokeTest"/>
  <testcase name="ValidateManageTab" time="14.583" classname="smokeTest.ValidateSmokeTest"/>
  <testcase name="ValidateInsightTab" time="5.523" classname="smokeTest.ValidateSmokeTest"/>
  <testcase name="ValidateNotificationPage" time="57.731" classname="smokeTest.ValidateSmokeTest"/>
  <testcase name="ValidateLogo" time="7.745" classname="smokeTest.ValidateSmokeTest"/>
  <testcase name="ValidateMyProfile" time="26.177" classname="smokeTest.ValidateSmokeTest"/>
  <testcase name="ValidateEditProfile" time="24.016" classname="smokeTest.ValidateSmokeTest"/>
  <testcase name="ValidateChangePassword" time="30.301" classname="smokeTest.ValidateSmokeTest"/>
  <testcase name="ValidateAccountSettings" time="12.127" classname="smokeTest.ValidateSmokeTest"/>
  <testcase name="ValidateCatalogRestriction" time="8.476" classname="smokeTest.ValidateSmokeTest"/>
  <testcase name="ValidateDomainLink" time="16.721" classname="smokeTest.ValidateSmokeTest"/>
  <testcase name="ValidateSetNotifications" time="11.140" classname="smokeTest.ValidateSmokeTest"/>
  <testcase name="ValidateAddressPage" time="48.542" classname="smokeTest.ValidateSmokeTest"/>
  <testcase name="ValidateUsersPage" time="31.237" classname="smokeTest.ValidateSmokeTest"/>
  <testcase name="ValidateRequestTab" time="2.370" classname="smokeTest.ValidateSmokeTest"/>
  <testcase name="ValidateInviteTab" time="2.333" classname="smokeTest.ValidateSmokeTest"/>
  <testcase name="ValidateLogout" time="4.960" classname="smokeTest.ValidateSmokeTest"/>
  <testcase name="ValidateForgetPswd" time="9.251" classname="smokeTest.ValidateSmokeTest"/>
  <testcase name="ValidateRegPage" time="14.419" classname="smokeTest.ValidateSmokeTest"/>
  <testcase name="ValidateLoginUser" classname="smokeTest.ValidateSmokeTest">
    <skipped/>
  </testcase> <!-- ValidateLoginUser -->
  <testcase name="ValidateMyAccountList" classname="smokeTest.ValidateSmokeTest">
    <skipped/>
  </testcase> <!-- ValidateMyAccountList -->
</testsuite> <!-- smokeTest.ValidateSmokeTest -->
